<?xml version="1.0" encoding="UTF-8"?>
<!-- Generated by org.testng.reporters.JUnitReportReporter -->
<testsuite hostname="LAPTOP-LR7KQR43" failures="0" tests="1" name="alerts.TC_alerts" time="4.506" errors="0" timestamp="2022-03-02T15:37:55 IST" skipped="0">
  <testcase classname="alerts.TC_alerts" name="logindetails" time="4.506"/>
  <system-out/>
</testsuite> <!-- alerts.TC_alerts -->
